#! /c/Source/iverilog-install/bin/vvp
:ivl_version "12.0 (devel)" "(s20150603-1110-g18392a46)";
:ivl_delay_selection "TYPICAL";
:vpi_time_precision + 0;
:vpi_module "C:\BHARAT~1\iverilog\lib\ivl\system.vpi";
:vpi_module "C:\BHARAT~1\iverilog\lib\ivl\vhdl_sys.vpi";
:vpi_module "C:\BHARAT~1\iverilog\lib\ivl\vhdl_textio.vpi";
:vpi_module "C:\BHARAT~1\iverilog\lib\ivl\v2005_math.vpi";
:vpi_module "C:\BHARAT~1\iverilog\lib\ivl\va_math.vpi";
S_0000022ab2d7aec0 .scope module, "testbench" "testbench" 2 1;
 .timescale 0 0;
v0000022ab2d7bd10_0 .var "a", 1 0;
v0000022ab2d7bdb0_0 .var "b", 1 0;
v0000022ab2e343a0_0 .net "p", 3 0, L_0000022ab2ec4480;  1 drivers
S_0000022ab2e35590 .scope module, "uut" "multiplier" 2 5, 3 1 0, S_0000022ab2d7aec0;
 .timescale 0 0;
    .port_info 0 /INPUT 2 "a";
    .port_info 1 /INPUT 2 "b";
    .port_info 2 /OUTPUT 4 "p";
v0000022ab2d76b00_0 .net *"_ivl_0", 3 0, L_0000022ab2e34440;  1 drivers
L_0000022ab2e7b848 .functor BUFT 1, C4<00>, C4<0>, C4<0>, C4<0>;
v0000022ab2d76e70_0 .net *"_ivl_3", 1 0, L_0000022ab2e7b848;  1 drivers
v0000022ab2d766e0_0 .net *"_ivl_4", 3 0, L_0000022ab2e344e0;  1 drivers
L_0000022ab2e7b890 .functor BUFT 1, C4<00>, C4<0>, C4<0>, C4<0>;
v0000022ab2d79c00_0 .net *"_ivl_7", 1 0, L_0000022ab2e7b890;  1 drivers
v0000022ab2d7b050_0 .net "a", 1 0, v0000022ab2d7bd10_0;  1 drivers
v0000022ab2d7b0f0_0 .net "b", 1 0, v0000022ab2d7bdb0_0;  1 drivers
v0000022ab2d7bc70_0 .net "p", 3 0, L_0000022ab2ec4480;  alias, 1 drivers
L_0000022ab2e34440 .concat [ 2 2 0 0], v0000022ab2d7bd10_0, L_0000022ab2e7b848;
L_0000022ab2e344e0 .concat [ 2 2 0 0], v0000022ab2d7bdb0_0, L_0000022ab2e7b890;
L_0000022ab2ec4480 .arith/mult 4, L_0000022ab2e34440, L_0000022ab2e344e0;
    .scope S_0000022ab2d7aec0;
T_0 ;
    %vpi_call 2 7 "$dumpfile", "waveform.vcd" {0 0 0};
    %vpi_call 2 8 "$dumpvars", 32'sb00000000000000000000000000000000, S_0000022ab2d7aec0 {0 0 0};
    %vpi_call 2 9 "$monitor", "time=%t a=%b b=%b p=%b", $time, v0000022ab2d7bd10_0, v0000022ab2d7bdb0_0, v0000022ab2e343a0_0 {0 0 0};
    %pushi/vec4 1, 0, 2;
    %store/vec4 v0000022ab2d7bd10_0, 0, 2;
    %pushi/vec4 0, 0, 2;
    %store/vec4 v0000022ab2d7bdb0_0, 0, 2;
    %delay 10, 0;
    %pushi/vec4 2, 0, 2;
    %store/vec4 v0000022ab2d7bd10_0, 0, 2;
    %pushi/vec4 1, 0, 2;
    %store/vec4 v0000022ab2d7bdb0_0, 0, 2;
    %delay 10, 0;
    %pushi/vec4 2, 0, 2;
    %store/vec4 v0000022ab2d7bd10_0, 0, 2;
    %pushi/vec4 2, 0, 2;
    %store/vec4 v0000022ab2d7bdb0_0, 0, 2;
    %delay 10, 0;
    %pushi/vec4 3, 0, 2;
    %store/vec4 v0000022ab2d7bd10_0, 0, 2;
    %pushi/vec4 3, 0, 2;
    %store/vec4 v0000022ab2d7bdb0_0, 0, 2;
    %delay 10, 0;
    %vpi_call 2 19 "$finish" {0 0 0};
    %end;
    .thread T_0;
# The file index is used to find the file name in the following table.
:file_names 4;
    "N/A";
    "<interactive>";
    "testbench.v";
    "module.v";
